[0mOPTIONS /users/google [32m200[0m 1.891 ms - 4[0m
[0mPOST /users/google [32m200[0m 1044.945 ms - 1237[0m
[0mOPTIONS /users/autologin [32m200[0m 2.003 ms - 8[0m
[0mGET /users/autologin [32m200[0m 307.573 ms - 1237[0m
[0mOPTIONS /moves/polemoves [32m200[0m 0.471 ms - 8[0m
[0mGET /moves/polemoves [36m304[0m 306.497 ms - -[0m
[0mOPTIONS /users/autologin [32m200[0m 0.148 ms - 8[0m
[0mOPTIONS /moves/polemoves [32m200[0m 0.474 ms - 8[0m
[0mGET /users/autologin [32m200[0m 952.763 ms - 1237[0m
[0mGET /moves/polemoves [36m304[0m 783.954 ms - -[0m
[0mOPTIONS /moves/polemoves/5ef40990a66c790ee1489832 [32m200[0m 0.280 ms - 8[0m
[0mGET /moves/polemoves/5ef40990a66c790ee1489832 [36m304[0m 324.513 ms - -[0m
[0mOPTIONS /moves/polemoves [32m200[0m 0.304 ms - 8[0m
[0mGET /moves/polemoves [36m304[0m 248.775 ms - -[0m
[0mOPTIONS /users/autologin [32m200[0m 0.260 ms - 8[0m
[0mOPTIONS /moves/polemoves [32m200[0m 0.239 ms - 8[0m
[0mGET /users/autologin [32m200[0m 247.183 ms - 1237[0m
[0mGET /moves/polemoves [36m304[0m 247.277 ms - -[0m
[0mOPTIONS /moves/polemoves/5ef40990a66c790ee1489832 [32m200[0m 0.329 ms - 8[0m
[0mGET /moves/polemoves/5ef40990a66c790ee1489832 [36m304[0m 336.020 ms - -[0m
[0mGET /moves/polemoves [36m304[0m 258.443 ms - -[0m
[0mOPTIONS /moves/polemoves/5ef31b9c56400e0bbdddc28e [32m200[0m 0.299 ms - 8[0m
[0mGET /moves/polemoves/5ef31b9c56400e0bbdddc28e [36m304[0m 336.213 ms - -[0m
[0mOPTIONS /moves/polemoves [32m200[0m 0.236 ms - 8[0m
[0mGET /moves/polemoves [36m304[0m 300.013 ms - -[0m
[0mOPTIONS /users/autologin [32m200[0m 0.163 ms - 8[0m
[0mOPTIONS /moves/polemoves [32m200[0m 0.256 ms - 8[0m
[0mGET /users/autologin [32m200[0m 280.000 ms - 1237[0m
[0mGET /moves/polemoves [36m304[0m 265.697 ms - -[0m
[0mOPTIONS /users/autologin [32m200[0m 0.232 ms - 8[0m
[0mGET /users/autologin [32m200[0m 245.793 ms - 1237[0m
[0mOPTIONS /moves/polemoves [32m200[0m 0.334 ms - 8[0m
[0mGET /moves/polemoves [36m304[0m 504.610 ms - -[0m
[0mOPTIONS /users/autologin [32m200[0m 0.227 ms - 8[0m
[0mOPTIONS /moves/polemoves [32m200[0m 0.244 ms - 8[0m
[0mGET /users/autologin [32m200[0m 241.110 ms - 1237[0m
[0mGET /moves/polemoves [36m304[0m 233.871 ms - -[0m
[0mOPTIONS /users/autologin [32m200[0m 0.245 ms - 8[0m
[0mOPTIONS /moves/polemoves [32m200[0m 0.290 ms - 8[0m
[0mGET /users/autologin [32m200[0m 259.068 ms - 1237[0m
[0mGET /moves/polemoves [36m304[0m 243.965 ms - -[0m
[0mOPTIONS /moves/polemoves [32m200[0m 0.201 ms - 8[0m
[0mGET /moves/polemoves [36m304[0m 241.069 ms - -[0m
[0mOPTIONS /users/google [32m200[0m 1.765 ms - 4[0m
[0mPOST /users/google [32m200[0m 1619.411 ms - 1237[0m
[0mOPTIONS /users/autologin [32m200[0m 5.087 ms - 8[0m
[0mGET /users/autologin [32m200[0m 362.409 ms - 1237[0m
[0mOPTIONS /users/autologin [32m200[0m 2.750 ms - 8[0m
[0mGET /users/autologin [32m200[0m 374.606 ms - 1229[0m
[0mOPTIONS /users/google [32m200[0m 0.192 ms - 4[0m
[0mPOST /users/google [31m500[0m 1591.239 ms - 124[0m
[0mOPTIONS /users/google [32m200[0m 1.876 ms - 4[0m
[0mPOST /users/google [31m500[0m 1483.732 ms - 124[0m
[0mOPTIONS /users/google [32m200[0m 0.981 ms - 4[0m
[0mPOST /users/google [31m500[0m 2011.555 ms - 124[0m
[0mOPTIONS /users/google [32m200[0m 2.246 ms - 4[0m
[0mPOST /users/google [32m200[0m 2191.901 ms - 424[0m
[0mOPTIONS /users/history [32m200[0m 4.557 ms - 8[0m
[0mGET /users/history [32m200[0m 224.673 ms - 44[0m
[0mOPTIONS /users/autologin [32m200[0m 0.243 ms - 8[0m
[0mOPTIONS /users/history [32m200[0m 0.193 ms - 8[0m
[0mGET /users/autologin [32m200[0m 292.928 ms - 424[0m
[0mGET /users/history [36m304[0m 190.719 ms - -[0m
[0mOPTIONS /users/autologin [32m200[0m 1.238 ms - 8[0m
[0mGET /users/autologin [32m200[0m 320.834 ms - 424[0m
[0mOPTIONS /users/autologin [32m200[0m 0.353 ms - 8[0m
[0mGET /users/autologin [32m200[0m 899.605 ms - 424[0m
[0mOPTIONS /users/autologin [32m200[0m 0.176 ms - 8[0m
[0mOPTIONS /users/history [32m200[0m 0.626 ms - 8[0m
[0mGET /users/autologin [32m200[0m 356.002 ms - 424[0m
[0mGET /users/history [36m304[0m 233.786 ms - -[0m
[0mOPTIONS /users/autologin [32m200[0m 0.312 ms - 8[0m
[0mOPTIONS /users/history [32m200[0m 0.219 ms - 8[0m
[0mGET /users/history [36m304[0m 209.816 ms - -[0m
[0mGET /users/autologin [32m200[0m 337.633 ms - 424[0m
[0mOPTIONS /users/autologin [32m200[0m 0.252 ms - 8[0m
[0mOPTIONS /users/history [32m200[0m 0.311 ms - 8[0m
[0mGET /users/history [36m304[0m 211.304 ms - -[0m
[0mGET /users/autologin [32m200[0m 390.707 ms - 424[0m
[0mOPTIONS /users/autologin [32m200[0m 0.174 ms - 8[0m
[0mOPTIONS /users/history [32m200[0m 0.201 ms - 8[0m
[0mGET /users/history [36m304[0m 209.729 ms - -[0m
[0mGET /users/autologin [32m200[0m 482.756 ms - 424[0m
[0mOPTIONS /users/autologin [32m200[0m 0.282 ms - 8[0m
[0mOPTIONS /users/history [32m200[0m 0.205 ms - 8[0m
[0mGET /users/autologin [32m200[0m 338.911 ms - 424[0m
[0mGET /users/history [36m304[0m 211.949 ms - -[0m
[0mOPTIONS /users/autologin [32m200[0m 0.183 ms - 8[0m
[0mOPTIONS /users/history [32m200[0m 0.276 ms - 8[0m
[0mGET /users/autologin [32m200[0m 328.281 ms - 424[0m
[0mGET /users/history [36m304[0m 226.980 ms - -[0m
[0mOPTIONS /users/autologin [32m200[0m 0.282 ms - 8[0m
[0mOPTIONS /users/history [32m200[0m 0.313 ms - 8[0m
[0mGET /users/history [36m304[0m 226.663 ms - -[0m
[0mGET /users/autologin [32m200[0m 428.356 ms - 424[0m
[0mOPTIONS /users/autologin [32m200[0m 0.162 ms - 8[0m
[0mOPTIONS /users/history [32m200[0m 0.203 ms - 8[0m
[0mGET /users/autologin [32m200[0m 492.365 ms - 424[0m
[0mGET /users/history [36m304[0m 212.852 ms - -[0m
[0mOPTIONS /users/autologin [32m200[0m 0.708 ms - 8[0m
[0mOPTIONS /users/history [32m200[0m 0.226 ms - 8[0m
[0mGET /users/autologin [32m200[0m 295.020 ms - 424[0m
[0mGET /users/history [36m304[0m 195.632 ms - -[0m
[0mOPTIONS /users/autologin [32m200[0m 0.370 ms - 8[0m
[0mOPTIONS /users/history [32m200[0m 0.270 ms - 8[0m
[0mGET /users/autologin [32m200[0m 320.997 ms - 424[0m
[0mGET /users/history [36m304[0m 200.680 ms - -[0m
[0mOPTIONS /users/autologin [32m200[0m 0.361 ms - 8[0m
[0mOPTIONS /users/history [32m200[0m 0.390 ms - 8[0m
[0mGET /users/autologin [32m200[0m 284.582 ms - 424[0m
[0mGET /users/history [36m304[0m 167.912 ms - -[0m
[0mOPTIONS /users/autologin [32m200[0m 0.253 ms - 8[0m
[0mOPTIONS /users/history [32m200[0m 0.362 ms - 8[0m
[0mGET /users/autologin [32m200[0m 230.171 ms - 424[0m
[0mGET /users/history [36m304[0m 161.260 ms - -[0m
[0mOPTIONS /users/autologin [32m200[0m 0.258 ms - 8[0m
[0mOPTIONS /users/history [32m200[0m 0.331 ms - 8[0m
[0mGET /users/history [36m304[0m 164.149 ms - -[0m
[0mGET /users/autologin [32m200[0m 316.833 ms - 424[0m
[0mOPTIONS /users/autologin [32m200[0m 0.173 ms - 8[0m
[0mOPTIONS /users/history [32m200[0m 0.617 ms - 8[0m
[0mGET /users/autologin [32m200[0m 260.094 ms - 424[0m
[0mGET /users/history [36m304[0m 159.417 ms - -[0m
[0mOPTIONS /users/autologin [32m200[0m 0.206 ms - 8[0m
[0mOPTIONS /users/history [32m200[0m 0.304 ms - 8[0m
[0mGET /users/autologin [32m200[0m 246.546 ms - 424[0m
[0mGET /users/history [36m304[0m 171.042 ms - -[0m
[0mOPTIONS /users/autologin [32m200[0m 0.278 ms - 8[0m
[0mOPTIONS /users/history [32m200[0m 0.242 ms - 8[0m
[0mGET /users/history [0m-[0m - ms - -[0m
[0mGET /users/autologin [0m-[0m - ms - -[0m
[0mGET /users/history [32m200[0m 145.849 ms - 44[0m
[0mGET /users/autologin [32m200[0m 349.698 ms - 424[0m
[0mOPTIONS /moves/polemoves [32m200[0m 0.338 ms - 8[0m
[0mGET /moves/polemoves [32m200[0m 243.511 ms - 2227[0m
[0mOPTIONS /moves/polemoves/5ef31c0056400e0bbdddc28f [32m200[0m 0.302 ms - 8[0m
[0mGET /moves/polemoves/5ef31c0056400e0bbdddc28f [32m200[0m 424.676 ms - 261[0m
[0mOPTIONS /users/polemoves/addmovetouser [32m200[0m 0.275 ms - 4[0m
[0mPOST /users/polemoves/addmovetouser [32m200[0m 355.196 ms - 161[0m
[0mOPTIONS /moves/polemoves [32m200[0m 0.281 ms - 8[0m
[0mGET /moves/polemoves [32m200[0m 258.052 ms - 2348[0m
[0mOPTIONS /users/polemoves/addmovetouser [32m200[0m 0.239 ms - 4[0m
[0mPOST /users/polemoves/addmovetouser [32m200[0m 578.981 ms - 488[0m
[0mOPTIONS /moves/polemoves [32m200[0m 0.214 ms - 8[0m
[0mGET /moves/polemoves [32m200[0m 263.488 ms - 2227[0m
[0mOPTIONS /users/autologin [32m200[0m 0.305 ms - 8[0m
[0mOPTIONS /moves/polemoves/5ef31c0056400e0bbdddc28f [32m200[0m 0.286 ms - 8[0m
[0mGET /users/autologin [32m200[0m 230.447 ms - 424[0m
[0mGET /moves/polemoves/5ef31c0056400e0bbdddc28f [36m304[0m 306.082 ms - -[0m
[0mGET /moves/polemoves/5ef31c0056400e0bbdddc28f [36m304[0m 315.129 ms - -[0m
[0mOPTIONS /moves/polemoves [32m200[0m 0.228 ms - 8[0m
[0mGET /moves/polemoves [36m304[0m 268.239 ms - -[0m
[0mOPTIONS /users/history [32m200[0m 0.493 ms - 8[0m
[0mGET /users/history [36m304[0m 319.875 ms - -[0m
[0mOPTIONS /users/autologin [32m200[0m 0.175 ms - 8[0m
[0mOPTIONS /users/history [32m200[0m 0.320 ms - 8[0m
[0mGET /users/history [36m304[0m 647.621 ms - -[0m
[0mGET /users/autologin [32m200[0m 785.170 ms - 424[0m
[0mOPTIONS /users/autologin [32m200[0m 0.363 ms - 8[0m
[0mOPTIONS /users/history [32m200[0m 0.320 ms - 8[0m
[0mGET /users/autologin [32m200[0m 247.784 ms - 424[0m
[0mGET /users/history [36m304[0m 137.872 ms - -[0m
[0mOPTIONS /users/autologin [32m200[0m 0.272 ms - 8[0m
[0mOPTIONS /users/history [32m200[0m 0.344 ms - 8[0m
[0mGET /users/autologin [32m200[0m 255.419 ms - 424[0m
[0mGET /users/history [36m304[0m 151.818 ms - -[0m
[0mOPTIONS /users/autologin [32m200[0m 0.655 ms - 8[0m
[0mOPTIONS /users/history [32m200[0m 0.226 ms - 8[0m
[0mGET /users/autologin [32m200[0m 323.608 ms - 424[0m
[0mGET /users/history [36m304[0m 154.562 ms - -[0m
[0mOPTIONS /users/autologin [32m200[0m 0.278 ms - 8[0m
[0mOPTIONS /users/history [32m200[0m 0.341 ms - 8[0m
[0mGET /users/autologin [32m200[0m 252.503 ms - 424[0m
[0mGET /users/history [36m304[0m 174.770 ms - -[0m
[0mOPTIONS /users/autologin [32m200[0m 0.240 ms - 8[0m
[0mOPTIONS /users/history [32m200[0m 0.352 ms - 8[0m
[0mGET /users/history [36m304[0m 148.690 ms - -[0m
[0mGET /users/autologin [32m200[0m 289.380 ms - 424[0m
[0mOPTIONS /users/autologin [32m200[0m 0.256 ms - 8[0m
[0mOPTIONS /users/history [32m200[0m 0.356 ms - 8[0m
[0mGET /users/autologin [32m200[0m 246.392 ms - 424[0m
[0mGET /users/history [36m304[0m 161.129 ms - -[0m
[0mOPTIONS /users/autologin [32m200[0m 0.551 ms - 8[0m
[0mGET /users/autologin [0m-[0m - ms - -[0m
[0mGET /users/autologin [32m200[0m 242.201 ms - 424[0m
[0mOPTIONS /users/history [32m200[0m 3.416 ms - 8[0m
[0mGET /users/history [36m304[0m 489.162 ms - -[0m
[0mOPTIONS /users/autologin [32m200[0m 0.812 ms - 8[0m
[0mOPTIONS /users/history [32m200[0m 0.331 ms - 8[0m
[0mGET /users/autologin [32m200[0m 294.313 ms - 424[0m
[0mGET /users/history [36m304[0m 153.763 ms - -[0m
[0mOPTIONS /users/changestagename [32m200[0m 0.275 ms - 4[0m
[0mPOST /users/changestagename [33m404[0m 95.819 ms - 161[0m
[0mOPTIONS /users/changestagename [32m200[0m 0.587 ms - 4[0m
[0mPOST /users/changestagename [33m404[0m 80.596 ms - 161[0m
[0mOPTIONS /users/changestagename [32m200[0m 0.176 ms - 4[0m
[0mOPTIONS /users/changestagename [32m200[0m 0.249 ms - 4[0m
[0mPOST /users/changestagename [33m401[0m 117.308 ms - -[0m
[0mOPTIONS /users/changestagename [32m200[0m 0.240 ms - 4[0m
[0mPOST /users/changestagename [33m404[0m 78.394 ms - 161[0m
[0mOPTIONS /users/changestagename [32m200[0m 2.276 ms - 4[0m
[0mPOST /users/changestagename [0m-[0m - ms - -[0m
[0mPOST /users/changestagename [33m409[0m 198.055 ms - 71[0m
[0mOPTIONS /users/changestagename [32m200[0m 3.012 ms - 4[0m
[0mPOST /users/changestagename [0m-[0m - ms - -[0m
[0mPOST /users/changestagename [33m409[0m 147.792 ms - 71[0m
[0mOPTIONS /users/changestagename [32m200[0m 2.524 ms - 4[0m
[0mPOST /users/changestagename [32m200[0m 259.371 ms - 42[0m
[0mOPTIONS /users/autologin [32m200[0m 0.514 ms - 8[0m
[0mOPTIONS /users/history [32m200[0m 0.227 ms - 8[0m
[0mGET /users/autologin [32m200[0m 255.930 ms - 420[0m
[0mGET /users/history [36m304[0m 148.332 ms - -[0m
[0mOPTIONS /users/changestagename [32m200[0m 0.233 ms - 4[0m
[0mPOST /users/changestagename [32m200[0m 645.678 ms - 42[0m
[0mOPTIONS /users/autologin [32m200[0m 0.358 ms - 8[0m
[0mOPTIONS /users/history [32m200[0m 0.246 ms - 8[0m
[0mGET /users/autologin [32m200[0m 315.733 ms - 424[0m
[0mGET /users/history [36m304[0m 140.218 ms - -[0m
[0mOPTIONS /users/autologin [32m200[0m 0.256 ms - 8[0m
[0mOPTIONS /users/history [32m200[0m 0.444 ms - 8[0m
[0mGET /users/autologin [32m200[0m 245.485 ms - 424[0m
[0mGET /users/history [36m304[0m 172.554 ms - -[0m
[0mGET /users/autologin [32m200[0m 311.726 ms - 424[0m
[0mGET /users/history [36m304[0m 158.238 ms - -[0m
[0mOPTIONS /users/changestagename [32m200[0m 0.316 ms - 4[0m
[0mPOST /users/changestagename [32m200[0m 228.047 ms - 42[0m
[0mOPTIONS /users/changestagename [32m200[0m 8.044 ms - 4[0m
[0mPOST /users/changestagename [32m200[0m 244.440 ms - 42[0m
[0mOPTIONS /users/changestagename [32m200[0m 0.872 ms - 4[0m
[0mPOST /users/changestagename [33m409[0m 173.682 ms - 71[0m
[0mOPTIONS /users/autologin [32m200[0m 0.459 ms - 8[0m
[0mOPTIONS /users/history [32m200[0m 0.593 ms - 8[0m
[0mGET /users/history [36m304[0m 565.298 ms - -[0m
[0mGET /users/autologin [32m200[0m 783.042 ms - 424[0m
[0mOPTIONS /users/autologin [32m200[0m 0.279 ms - 8[0m
[0mOPTIONS /users/history [32m200[0m 0.340 ms - 8[0m
[0mGET /users/history [36m304[0m 510.599 ms - -[0m
[0mGET /users/autologin [32m200[0m 803.421 ms - 424[0m
[0mOPTIONS /users/changestagename [32m200[0m 0.328 ms - 4[0m
[0mPOST /users/changestagename [33m409[0m 155.477 ms - 71[0m
[0mOPTIONS /users/autologin [32m200[0m 0.386 ms - 8[0m
[0mOPTIONS /users/history [32m200[0m 0.276 ms - 8[0m
[0mGET /users/autologin [32m200[0m 274.377 ms - 424[0m
[0mGET /users/history [36m304[0m 186.060 ms - -[0m
[0mOPTIONS /users/changestagename [32m200[0m 0.281 ms - 4[0m
[0mPOST /users/changestagename [33m409[0m 152.982 ms - 71[0m
[0mOPTIONS /users/autologin [32m200[0m 0.486 ms - 8[0m
[0mOPTIONS /users/history [32m200[0m 0.457 ms - 8[0m
[0mGET /users/history [36m304[0m 463.099 ms - -[0m
[0mGET /users/autologin [32m200[0m 882.033 ms - 424[0m
[0mOPTIONS /users/autologin [32m200[0m 0.623 ms - 8[0m
[0mOPTIONS /users/history [32m200[0m 0.201 ms - 8[0m
[0mGET /users/autologin [32m200[0m 204.959 ms - 424[0m
[0mGET /users/history [36m304[0m 152.291 ms - -[0m
[0mOPTIONS /users/changestagename [32m200[0m 0.350 ms - 4[0m
[0mPOST /users/changestagename [33m409[0m 168.013 ms - 71[0m
[0mOPTIONS /users/autologin [32m200[0m 1.550 ms - 8[0m
[0mOPTIONS /users/history [32m200[0m 0.638 ms - 8[0m
[0mGET /users/autologin [32m200[0m 230.457 ms - 424[0m
[0mGET /users/history [36m304[0m 140.244 ms - -[0m
[0mOPTIONS /users/autologin [32m200[0m 0.406 ms - 8[0m
[0mGET /users/autologin [32m200[0m 280.898 ms - 424[0m
[0mOPTIONS /users/history [32m200[0m 0.291 ms - 8[0m
[0mGET /users/history [36m304[0m 197.876 ms - -[0m
[0mOPTIONS /users/autologin [32m200[0m 0.389 ms - 8[0m
[0mOPTIONS /users/history [32m200[0m 0.488 ms - 8[0m
[0mGET /users/autologin [32m200[0m 393.702 ms - 424[0m
[0mGET /users/history [36m304[0m 137.775 ms - -[0m
[0mOPTIONS /users/autologin [32m200[0m 0.560 ms - 8[0m
[0mGET /users/autologin [32m200[0m 249.354 ms - 424[0m
[0mOPTIONS /users/history [32m200[0m 0.264 ms - 8[0m
[0mGET /users/history [36m304[0m 156.070 ms - -[0m
[0mOPTIONS /users/changestagename [32m200[0m 0.346 ms - 4[0m
[0mPOST /users/changestagename [33m409[0m 144.569 ms - 71[0m
[0mOPTIONS /users/autologin [32m200[0m 0.599 ms - 8[0m
[0mGET /users/autologin [32m200[0m 232.813 ms - 424[0m
[0mOPTIONS /users/history [32m200[0m 0.693 ms - 8[0m
[0mGET /users/history [36m304[0m 146.683 ms - -[0m
[0mOPTIONS /users/changestagename [32m200[0m 1.926 ms - 4[0m
[0mPOST /users/changestagename [33m409[0m 830.838 ms - 71[0m
[0mOPTIONS /users/autologin [32m200[0m 0.568 ms - 8[0m
[0mGET /users/autologin [32m200[0m 231.371 ms - 424[0m
[0mOPTIONS /users/history [32m200[0m 0.362 ms - 8[0m
[0mGET /users/history [36m304[0m 146.920 ms - -[0m
[0mOPTIONS /users/changestagename [32m200[0m 0.682 ms - 4[0m
[0mPOST /users/changestagename [33m409[0m 179.371 ms - 71[0m
[0mOPTIONS /users/changestagename [32m200[0m 0.238 ms - 4[0m
[0mPOST /users/changestagename [33m409[0m 789.023 ms - 71[0m
[0mPOST /users/changestagename [33m409[0m 237.869 ms - 71[0m
[0mOPTIONS /users/autologin [32m200[0m 0.238 ms - 8[0m
[0mOPTIONS /users/history [32m200[0m 0.251 ms - 8[0m
[0mGET /users/autologin [32m200[0m 255.321 ms - 424[0m
[0mGET /users/history [36m304[0m 141.006 ms - -[0m
[0mOPTIONS /users/autologin [32m200[0m 0.402 ms - 8[0m
[0mOPTIONS /users/history [32m200[0m 0.366 ms - 8[0m
[0mGET /users/autologin [32m200[0m 848.856 ms - 424[0m
[0mGET /users/history [36m304[0m 652.030 ms - -[0m
[0mOPTIONS /users/autologin [32m200[0m 0.295 ms - 8[0m
[0mOPTIONS /users/history [32m200[0m 0.199 ms - 8[0m
[0mGET /users/history [36m304[0m 486.014 ms - -[0m
[0mGET /users/autologin [32m200[0m 607.958 ms - 424[0m
[0mOPTIONS /users/changestagename [32m200[0m 0.309 ms - 4[0m
[0mPOST /users/changestagename [33m409[0m 162.139 ms - 71[0m
[0mOPTIONS /users/autologin [32m200[0m 0.301 ms - 8[0m
[0mOPTIONS /users/history [32m200[0m 1.154 ms - 8[0m
[0mGET /users/history [36m304[0m 425.164 ms - -[0m
[0mGET /users/autologin [32m200[0m 710.030 ms - 424[0m
[0mOPTIONS /users/autologin [32m200[0m 0.267 ms - 8[0m
[0mOPTIONS /users/history [32m200[0m 0.317 ms - 8[0m
[0mGET /users/history [36m304[0m 457.869 ms - -[0m
[0mGET /users/autologin [32m200[0m 863.621 ms - 424[0m
[0mOPTIONS /users/changestagename [32m200[0m 0.257 ms - 4[0m
[0mPOST /users/changestagename [33m409[0m 145.675 ms - 71[0m
[0mOPTIONS /users/autologin [32m200[0m 0.325 ms - 8[0m
[0mOPTIONS /users/history [32m200[0m 0.236 ms - 8[0m
[0mGET /users/history [36m304[0m 522.033 ms - -[0m
[0mGET /users/autologin [32m200[0m 697.305 ms - 424[0m
[0mOPTIONS /users/changestagename [32m200[0m 0.245 ms - 4[0m
[0mPOST /users/changestagename [33m409[0m 294.628 ms - 71[0m
[0mOPTIONS /users/autologin [32m200[0m 0.281 ms - 8[0m
[0mOPTIONS /users/history [32m200[0m 0.246 ms - 8[0m
[0mGET /users/autologin [32m200[0m 691.090 ms - 424[0m
[0mGET /users/history [36m304[0m 393.928 ms - -[0m
[0mOPTIONS /users/autologin [32m200[0m 0.369 ms - 8[0m
[0mOPTIONS /users/history [32m200[0m 0.264 ms - 8[0m
[0mGET /users/autologin [32m200[0m 281.048 ms - 424[0m
[0mGET /users/history [36m304[0m 142.018 ms - -[0m
[0mOPTIONS /users/autologin [32m200[0m 0.425 ms - 8[0m
[0mOPTIONS /users/history [32m200[0m 0.321 ms - 8[0m
[0mGET /users/autologin [32m200[0m 201.276 ms - 424[0m
[0mGET /users/history [36m304[0m 137.770 ms - -[0m
[0mOPTIONS /users/autologin [32m200[0m 0.436 ms - 8[0m
[0mOPTIONS /users/history [32m200[0m 0.261 ms - 8[0m
[0mGET /users/autologin [32m200[0m 370.304 ms - 424[0m
[0mGET /users/history [36m304[0m 125.537 ms - -[0m
[0mOPTIONS /users/autologin [32m200[0m 0.263 ms - 8[0m
[0mOPTIONS /users/history [32m200[0m 0.318 ms - 8[0m
[0mGET /users/autologin [32m200[0m 253.865 ms - 424[0m
[0mGET /users/history [36m304[0m 124.134 ms - -[0m
[0mOPTIONS /users/autologin [32m200[0m 0.793 ms - 8[0m
[0mOPTIONS /users/history [32m200[0m 0.892 ms - 8[0m
[0mGET /users/autologin [32m200[0m 219.549 ms - 424[0m
[0mGET /users/history [36m304[0m 135.970 ms - -[0m
[0mOPTIONS /users/autologin [32m200[0m 0.367 ms - 8[0m
[0mOPTIONS /users/history [32m200[0m 0.772 ms - 8[0m
[0mGET /users/autologin [32m200[0m 234.200 ms - 424[0m
[0mGET /users/history [36m304[0m 226.160 ms - -[0m
[0mOPTIONS /users/changestagename [32m200[0m 0.400 ms - 4[0m
[0mPOST /users/changestagename [33m409[0m 372.884 ms - 71[0m
[0mOPTIONS /users/autologin [32m200[0m 0.171 ms - 8[0m
[0mOPTIONS /users/history [32m200[0m 0.311 ms - 8[0m
[0mGET /users/autologin [32m200[0m 384.130 ms - 424[0m
[0mGET /users/history [36m304[0m 216.568 ms - -[0m
[0mOPTIONS /users/changestagename [32m200[0m 0.766 ms - 4[0m
[0mPOST /users/changestagename [33m409[0m 509.731 ms - 71[0m
[0mOPTIONS /users/autologin [32m200[0m 0.499 ms - 8[0m
[0mOPTIONS /users/history [32m200[0m 0.529 ms - 8[0m
[0mGET /users/history [36m304[0m 520.545 ms - -[0m
[0mGET /users/autologin [32m200[0m 621.066 ms - 424[0m
[0mOPTIONS /users/changestagename [32m200[0m 0.641 ms - 4[0m
[0mPOST /users/changestagename [33m409[0m 136.993 ms - 71[0m
[0mOPTIONS /users/autologin [32m200[0m 0.248 ms - 8[0m
[0mOPTIONS /users/history [32m200[0m 0.299 ms - 8[0m
[0mGET /users/autologin [32m200[0m 287.196 ms - 424[0m
[0mGET /users/history [36m304[0m 144.455 ms - -[0m
[0mOPTIONS /users/changestagename [32m200[0m 0.800 ms - 4[0m
[0mPOST /users/changestagename [33m409[0m 201.419 ms - 71[0m
[0mOPTIONS /users/autologin [32m200[0m 0.563 ms - 8[0m
[0mOPTIONS /users/history [32m200[0m 0.225 ms - 8[0m
[0mGET /users/history [36m304[0m 514.291 ms - -[0m
[0mGET /users/autologin [32m200[0m 762.640 ms - 424[0m
[0mOPTIONS /users/autologin [32m200[0m 0.597 ms - 8[0m
[0mOPTIONS /users/history [32m200[0m 0.294 ms - 8[0m
[0mGET /users/autologin [32m200[0m 223.666 ms - 424[0m
[0mGET /users/history [36m304[0m 132.292 ms - -[0m
[0mOPTIONS /users/autologin [32m200[0m 0.203 ms - 8[0m
[0mOPTIONS /users/history [32m200[0m 0.322 ms - 8[0m
[0mGET /users/autologin [32m200[0m 193.573 ms - 424[0m
[0mGET /users/history [36m304[0m 162.713 ms - -[0m
[0mOPTIONS /users/changestagename [32m200[0m 0.731 ms - 4[0m
[0mPOST /users/changestagename [33m409[0m 389.292 ms - 71[0m
[0mOPTIONS /users/autologin [32m200[0m 0.318 ms - 8[0m
[0mOPTIONS /users/history [32m200[0m 0.572 ms - 8[0m
[0mGET /users/autologin [32m200[0m 196.958 ms - 424[0m
[0mGET /users/history [36m304[0m 133.729 ms - -[0m
[0mOPTIONS /users/changestagename [32m200[0m 0.299 ms - 4[0m
[0mPOST /users/changestagename [33m409[0m 133.479 ms - 71[0m
[0mOPTIONS /users/google [32m200[0m 2.324 ms - 4[0m
[0mPOST /users/google [32m200[0m 1040.003 ms - 1229[0m
[0mOPTIONS /moves/polemoves [32m200[0m 0.464 ms - 8[0m
[0mGET /moves/polemoves [32m200[0m 266.809 ms - 2557[0m
[0mOPTIONS /users/history [32m200[0m 0.311 ms - 8[0m
[0mGET /users/history [32m200[0m 522.361 ms - 1308[0m
[0mOPTIONS /users/changestagename [32m200[0m 0.347 ms - 4[0m
[0mPOST /users/changestagename [33m409[0m 143.496 ms - 71[0m
[0mOPTIONS /users/autologin [32m200[0m 0.296 ms - 8[0m
[0mOPTIONS /users/history [32m200[0m 0.197 ms - 8[0m
[0mGET /users/autologin [32m200[0m 213.611 ms - 1229[0m
[0mGET /users/history [36m304[0m 194.353 ms - -[0m
[0mOPTIONS /users/changestagename [32m200[0m 0.226 ms - 4[0m
[0mPOST /users/changestagename [33m409[0m 128.023 ms - 71[0m
[0mOPTIONS /users/autologin [32m200[0m 0.315 ms - 8[0m
[0mOPTIONS /users/history [32m200[0m 0.233 ms - 8[0m
[0mGET /users/autologin [32m200[0m 233.410 ms - 1229[0m
[0mGET /users/history [36m304[0m 204.389 ms - -[0m
[0mOPTIONS /users/autologin [32m200[0m 0.190 ms - 8[0m
[0mOPTIONS /users/history [32m200[0m 0.193 ms - 8[0m
[0mGET /users/autologin [32m200[0m 247.818 ms - 1229[0m
[0mGET /users/history [36m304[0m 210.044 ms - -[0m
[0mOPTIONS /users/autologin [32m200[0m 0.266 ms - 8[0m
[0mOPTIONS /users/history [32m200[0m 0.219 ms - 8[0m
[0mGET /users/autologin [32m200[0m 229.171 ms - 1229[0m
[0mGET /users/history [36m304[0m 206.478 ms - -[0m
[0mOPTIONS /users/autologin [32m200[0m 0.269 ms - 8[0m
[0mOPTIONS /users/history [32m200[0m 0.256 ms - 8[0m
[0mGET /users/autologin [32m200[0m 202.960 ms - 1229[0m
[0mGET /users/history [36m304[0m 261.307 ms - -[0m
[0mOPTIONS /users/autologin [32m200[0m 0.180 ms - 8[0m
[0mGET /users/autologin [32m200[0m 237.704 ms - 1229[0m
[0mOPTIONS /users/history [32m200[0m 0.447 ms - 8[0m
[0mGET /users/history [36m304[0m 422.126 ms - -[0m
[0mOPTIONS /users/changestagename [32m200[0m 0.282 ms - 4[0m
[0mPOST /users/changestagename [33m409[0m 163.673 ms - 71[0m
[0mOPTIONS /users/autologin [32m200[0m 0.325 ms - 8[0m
[0mOPTIONS /users/history [32m200[0m 0.210 ms - 8[0m
[0mGET /users/autologin [32m200[0m 208.816 ms - 1229[0m
[0mGET /users/history [36m304[0m 213.744 ms - -[0m
[0mOPTIONS /users/changestagename [32m200[0m 0.319 ms - 4[0m
[0mPOST /users/changestagename [33m409[0m 142.052 ms - 71[0m
[0mOPTIONS /users/autologin [32m200[0m 0.171 ms - 8[0m
[0mOPTIONS /users/history [32m200[0m 0.218 ms - 8[0m
[0mGET /users/autologin [32m200[0m 233.718 ms - 1229[0m
[0mGET /users/history [36m304[0m 251.510 ms - -[0m
[0mOPTIONS /users/autologin [32m200[0m 0.198 ms - 8[0m
[0mOPTIONS /users/history [32m200[0m 0.270 ms - 8[0m
[0mGET /users/autologin [32m200[0m 257.794 ms - 1229[0m
[0mGET /users/history [36m304[0m 230.456 ms - -[0m
[0mOPTIONS /users/changestagename [32m200[0m 0.306 ms - 4[0m
[0mPOST /users/changestagename [33m409[0m 123.550 ms - 71[0m
[0mPOST /users/changestagename [32m200[0m 252.606 ms - 42[0m
[0mOPTIONS /users/autologin [32m200[0m 0.251 ms - 8[0m
[0mOPTIONS /users/history [32m200[0m 0.351 ms - 8[0m
[0mGET /users/autologin [32m200[0m 204.804 ms - 1225[0m
[0mGET /users/history [36m304[0m 220.552 ms - -[0m
[0mOPTIONS /users/changestagename [32m200[0m 0.537 ms - 4[0m
[0mPOST /users/changestagename [32m200[0m 202.459 ms - 42[0m
[0mOPTIONS /users/autologin [32m200[0m 0.239 ms - 8[0m
[0mOPTIONS /users/history [32m200[0m 0.352 ms - 8[0m
[0mGET /users/autologin [32m200[0m 220.386 ms - 1225[0m
[0mGET /users/history [36m304[0m 243.045 ms - -[0m
[0mOPTIONS /users/changestagename [32m200[0m 0.292 ms - 4[0m
[0mPOST /users/changestagename [32m200[0m 213.950 ms - 42[0m
[0mOPTIONS /users/autologin [32m200[0m 0.151 ms - 8[0m
[0mOPTIONS /users/history [32m200[0m 0.503 ms - 8[0m
[0mGET /users/autologin [32m200[0m 225.937 ms - 1226[0m
[0mGET /users/history [36m304[0m 216.476 ms - -[0m
[0mOPTIONS /users/autologin [32m200[0m 0.189 ms - 8[0m
[0mOPTIONS /users/history [32m200[0m 0.702 ms - 8[0m
[0mGET /users/autologin [32m200[0m 259.763 ms - 1226[0m
[0mGET /users/history [36m304[0m 209.744 ms - -[0m
[0mOPTIONS /users/autologin [32m200[0m 0.228 ms - 8[0m
[0mOPTIONS /users/history [32m200[0m 0.322 ms - 8[0m
[0mGET /users/autologin [32m200[0m 254.948 ms - 1226[0m
[0mGET /users/history [36m304[0m 186.758 ms - -[0m
[0mOPTIONS /users/changestagename [32m200[0m 0.232 ms - 4[0m
[0mPOST /users/changestagename [32m200[0m 249.422 ms - 42[0m
[0mOPTIONS /users/autologin [32m200[0m 0.210 ms - 8[0m
[0mOPTIONS /users/history [32m200[0m 0.242 ms - 8[0m
[0mGET /users/autologin [32m200[0m 287.984 ms - 1225[0m
[0mGET /users/history [36m304[0m 229.492 ms - -[0m
[0mOPTIONS /users/changestagename [32m200[0m 0.494 ms - 4[0m
[0mPOST /users/changestagename [33m409[0m 145.735 ms - 71[0m
[0mOPTIONS /users/changestagename [32m200[0m 0.340 ms - 4[0m
[0mPOST /users/changestagename [32m200[0m 198.359 ms - 42[0m
[0mOPTIONS /users/autologin [32m200[0m 0.346 ms - 8[0m
[0mOPTIONS /users/history [32m200[0m 0.347 ms - 8[0m
[0mGET /users/autologin [32m200[0m 292.145 ms - 1226[0m
[0mGET /users/history [36m304[0m 262.488 ms - -[0m
[0mOPTIONS /users/changestagename [32m200[0m 0.202 ms - 4[0m
[0mPOST /users/changestagename [33m409[0m 170.333 ms - 71[0m
[0mOPTIONS /users/changestagename [32m200[0m 0.283 ms - 4[0m
[0mPOST /users/changestagename [32m200[0m 211.491 ms - 42[0m
[0mOPTIONS /users/autologin [32m200[0m 0.291 ms - 8[0m
[0mOPTIONS /users/history [32m200[0m 0.190 ms - 8[0m
[0mGET /users/autologin [32m200[0m 209.384 ms - 1225[0m
[0mGET /users/history [36m304[0m 207.948 ms - -[0m
[0mOPTIONS /users/changestagename [32m200[0m 0.333 ms - 4[0m
[0mPOST /users/changestagename [32m200[0m 240.865 ms - 42[0m
[0mOPTIONS /users/autologin [32m200[0m 0.257 ms - 8[0m
[0mOPTIONS /users/history [32m200[0m 0.329 ms - 8[0m
[0mGET /users/autologin [32m200[0m 229.621 ms - 1226[0m
[0mGET /users/history [36m304[0m 239.926 ms - -[0m
[0mOPTIONS /users/autologin [32m200[0m 0.349 ms - 8[0m
[0mOPTIONS /users/history [32m200[0m 0.266 ms - 8[0m
[0mGET /users/autologin [32m200[0m 198.486 ms - 1226[0m
[0mGET /users/history [36m304[0m 403.792 ms - -[0m
[0mOPTIONS /users/changestagename [32m200[0m 0.264 ms - 4[0m
[0mPOST /users/changestagename [32m200[0m 244.869 ms - 42[0m
[0mOPTIONS /users/autologin [32m200[0m 0.327 ms - 8[0m
[0mOPTIONS /users/history [32m200[0m 0.249 ms - 8[0m
[0mGET /users/autologin [32m200[0m 224.156 ms - 1224[0m
[0mGET /users/history [36m304[0m 214.776 ms - -[0m
[0mOPTIONS /users/autologin [32m200[0m 0.205 ms - 8[0m
[0mOPTIONS /users/history [32m200[0m 0.220 ms - 8[0m
[0mGET /users/autologin [32m200[0m 332.477 ms - 1224[0m
[0mGET /users/history [36m304[0m 212.960 ms - -[0m
[0mOPTIONS /users/autologin [32m200[0m 3.631 ms - 8[0m
[0mOPTIONS /users/autologin [32m200[0m 0.963 ms - 8[0m
[0mOPTIONS /users/autologin [32m200[0m 0.341 ms - 8[0m
[0mOPTIONS /users/autologin [32m200[0m 0.635 ms - 8[0m
[0mOPTIONS /users/autologin [32m200[0m 0.305 ms - 8[0m
[0mOPTIONS /users/autologin [32m200[0m 0.425 ms - 8[0m
[0mOPTIONS /users/autologin [32m200[0m 0.559 ms - 8[0m
[0mOPTIONS /users/autologin [32m200[0m 0.430 ms - 8[0m
[0mOPTIONS /users/autologin [32m200[0m 0.387 ms - 8[0m
[0mOPTIONS /users/autologin [32m200[0m 0.600 ms - 8[0m
[0mOPTIONS /users/autologin [32m200[0m 0.579 ms - 8[0m
[0mPUT /api/users/create [32m201[0m 449.405 ms - 520[0m
[0mPUT /api/users/create [32m201[0m 394.312 ms - 520[0m
[0mPUT /api/users/create [32m201[0m 455.734 ms - 525[0m
[0mPOST /api/users/login [33m401[0m 41.329 ms - -[0m
[0mPOST /api/users/login [33m401[0m 40.026 ms - -[0m
[0mPOST /api/users/login [33m401[0m 35.817 ms - -[0m
[0mPOST /api/users/login [32m200[0m 389.411 ms - 327[0m
[0mPOST /api/users/login [33m401[0m 53.374 ms - -[0m
[0mOPTIONS /api/users/login [32m200[0m 12.138 ms - 4[0m
[0mPOST /api/users/login [32m200[0m 774.190 ms - 327[0m
[0mOPTIONS /api/moves/polemoves [32m200[0m 0.420 ms - 8[0m
[0mOPTIONS /api/users/autologin [32m200[0m 0.168 ms - 8[0m
[0mOPTIONS /api/moves/polemoves [32m200[0m 0.167 ms - 8[0m
[0mOPTIONS /api/users/login [32m200[0m 0.165 ms - 4[0m
[0mPOST /api/users/login [32m200[0m 381.061 ms - 327[0m
[0mOPTIONS /api/users/autologin [32m200[0m 0.173 ms - 8[0m
[0mOPTIONS /api/users/autologin [32m200[0m 0.246 ms - 8[0m
[0mOPTIONS /api/users/autologin [32m200[0m 0.200 ms - 8[0m
[0mPOST /api/users/login [32m200[0m 426.805 ms - 327[0m
[0mOPTIONS /api/users/autologin [32m200[0m 2.705 ms - 8[0m
[0mOPTIONS /api/users/autologin [32m200[0m 2.009 ms - 8[0m
[0mOPTIONS /api/users/login [32m200[0m 0.644 ms - 4[0m
[0mPOST /api/users/login [33m401[0m 371.154 ms - -[0m
[0mOPTIONS /api/users/login [32m200[0m 0.297 ms - 4[0m
[0mPOST /api/users/login [33m401[0m 470.839 ms - -[0m
[0mOPTIONS /api/users/create [32m200[0m 0.301 ms - 3[0m
[0mPUT /api/users/create [32m201[0m 745.815 ms - 525[0m
[0mOPTIONS /api/users/login [32m200[0m 0.201 ms - 4[0m
[0mPOST /api/users/login [32m200[0m 538.650 ms - 327[0m
[0mOPTIONS /api/moves/polemoves [32m200[0m 1.046 ms - 8[0m
[0mOPTIONS /api/moves/polemoves [32m200[0m 0.236 ms - 8[0m
[0mOPTIONS /api/users/autologin [32m200[0m 2.994 ms - 8[0m
[0mOPTIONS /api/moves/polemoves [32m200[0m 0.786 ms - 8[0m
[0mOPTIONS /api/users/autologin [32m200[0m 2.056 ms - 8[0m
[0mOPTIONS /api/moves/polemoves [32m200[0m 0.488 ms - 8[0m
[0mPOST /api/users/login [32m200[0m 625.062 ms - 327[0m
[0mPOST /api/users/login [33m401[0m 755.555 ms - -[0m
[0mPOST /api/users/login [32m200[0m 657.451 ms - 327[0m
[0mOPTIONS /api/users/login [32m200[0m 3.814 ms - 4[0m
[0mPOST /api/users/login [32m200[0m 576.795 ms - 327[0m
[0mOPTIONS /api/users/autologin [32m200[0m 0.594 ms - 8[0m
[0mOPTIONS /api/users/autologin [32m200[0m 2.501 ms - 8[0m
[0mOPTIONS /api/users/autologin [32m200[0m 2.700 ms - 8[0m
[0mOPTIONS /api/users/autologin [32m200[0m 3.571 ms - 8[0m
[0mOPTIONS /api/users/autologin [32m200[0m 4.951 ms - 8[0m
[0mPOST /api/users/autologin [33m404[0m 2.834 ms - 159[0m
[0mOPTIONS /api/users/autologin [32m200[0m 1.003 ms - 8[0m
[0mOPTIONS /api/users/autologin [32m200[0m 4.802 ms - 8[0m
[0mGET /api/users/autologin [32m200[0m 278.847 ms - 327[0m
[0mOPTIONS /api/users/login [32m200[0m 6.901 ms - 4[0m
[0mPOST /api/users/login [32m200[0m 746.785 ms - 327[0m
[0mOPTIONS /api/moves/polemoves [32m200[0m 0.412 ms - 8[0m
[0mGET /api/moves/polemoves [32m200[0m 953.949 ms - 2227[0m
